<?xml version="1.0" encoding="UTF-8"?>
<coverage generated="1705088563900" clover="3.2.0">
  <project timestamp="1705088563900" name="All files">
    <metrics statements="12" coveredstatements="11" conditionals="0" coveredconditionals="0" methods="4" coveredmethods="3" elements="16" coveredelements="14" complexity="0" loc="12" ncloc="12" packages="1" files="2" classes="2"/>
    <file name="index.js" path="C:\Users\ali90\OneDrive\Documents\GitHub\Learning-JEST-\Venila\index.js">
      <metrics statements="3" coveredstatements="3" conditionals="0" coveredconditionals="0" methods="1" coveredmethods="1"/>
      <line num="1" count="1" type="stmt"/>
      <line num="2" count="1" type="stmt"/>
      <line num="5" count="1" type="stmt"/>
    </file>
    <file name="string.js" path="C:\Users\ali90\OneDrive\Documents\GitHub\Learning-JEST-\Venila\string.js">
      <metrics statements="9" coveredstatements="8" conditionals="0" coveredconditionals="0" methods="3" coveredmethods="2"/>
      <line num="3" count="2" type="stmt"/>
      <line num="6" count="2" type="stmt"/>
      <line num="7" count="2" type="stmt"/>
      <line num="11" count="1" type="stmt"/>
      <line num="12" count="1" type="stmt"/>
      <line num="14" count="1" type="stmt"/>
      <line num="15" count="0" type="stmt"/>
      <line num="18" count="1" type="stmt"/>
      <line num="20" count="1" type="stmt"/>
    </file>
  </project>
</coverage>
